2019-08-12 19:38 +05:30: [[37m2019-08-12T14:08:22.273Z[39m] [90mDEBUG[39m: SADS Simulator || Members/35898 on D-113169083.local: [36mSADS Simulator || Members listening on port 8000[39m[90m (json=false)[39m
2019-08-12 19:38 +05:30: [[37m2019-08-12T14:08:36.823Z[39m] [90mDEBUG[39m: GET Request on path /api/v1/cservices/user/35898 on D-113169083.local: [90m (json=false)[39m
2019-08-12 19:38 +05:30: [90m    [36mResponse {
2019-08-12 19:38 +05:30:       id: 454,
2019-08-12 19:38 +05:30:       dsId: '973792389',
2019-08-12 19:38 +05:30:       userFirstName: 'Johnny',
2019-08-12 19:38 +05:30:       userLastName: 'AppleSeed',
2019-08-12 19:38 +05:30:       userType: null,
2019-08-12 19:38 +05:30:       userAddressLine1: '',
2019-08-12 19:38 +05:30:       userAddressLine2: '',
2019-08-12 19:38 +05:30:       userAddressLine3: '',
2019-08-12 19:38 +05:30:       headquarters: null,
2019-08-12 19:38 +05:30:       userUrl: null,
2019-08-12 19:38 +05:30:       numberOfConsultants: null,
2019-08-12 19:38 +05:30:       ratingsCount: null,
2019-08-12 19:38 +05:30:       reviewsCount: null,
2019-08-12 19:38 +05:30:       userStatus: 'Active',
2019-08-12 19:38 +05:30:       userGroups: '10235678;10671823;1002775870;1024967;',
2019-08-12 19:38 +05:30:       userEmailAddress: 'johnny@apple.com',
2019-08-12 19:38 +05:30:       userLocale: 'en_US',
2019-08-12 19:38 +05:30:       userLang: 'English (EN)',
2019-08-12 19:38 +05:30:       userCountryCode: null,
2019-08-12 19:38 +05:30:       userOfficePhone: null,
2019-08-12 19:38 +05:30:       userOfficialPostalCOde: null
2019-08-12 19:38 +05:30:     }[39m
2019-08-12 19:39 +05:30: [[37m2019-08-12T14:09:23.662Z[39m] [90mDEBUG[39m: SADS Simulator || Members/36019 on D-113169083.local: [36mSADS Simulator || Members listening on port 8000[39m[90m (json=false)[39m
2019-08-12 19:39 +05:30: [[37m2019-08-12T14:09:27.461Z[39m] [90mDEBUG[39m: GET Request on path /api/v1/cservices/user/36019 on D-113169083.local: [90m (json=false)[39m
2019-08-12 19:39 +05:30: [90m    [36mResponse {
2019-08-12 19:39 +05:30:       id: 454,
2019-08-12 19:39 +05:30:       dsId: '973792389',
2019-08-12 19:39 +05:30:       userFirstName: 'Johnny',
2019-08-12 19:39 +05:30:       userLastName: 'AppleSeed',
2019-08-12 19:39 +05:30:       userType: null,
2019-08-12 19:39 +05:30:       userAddressLine1: '',
2019-08-12 19:39 +05:30:       userAddressLine2: '',
2019-08-12 19:39 +05:30:       userAddressLine3: '',
2019-08-12 19:39 +05:30:       headquarters: null,
2019-08-12 19:39 +05:30:       userUrl: null,
2019-08-12 19:39 +05:30:       numberOfConsultants: null,
2019-08-12 19:39 +05:30:       ratingsCount: null,
2019-08-12 19:39 +05:30:       reviewsCount: null,
2019-08-12 19:39 +05:30:       userStatus: 'Active',
2019-08-12 19:39 +05:30:       userGroups: '10235678;10671823;1002775870;1024967;',
2019-08-12 19:39 +05:30:       userEmailAddress: 'johnny@apple.com',
2019-08-12 19:39 +05:30:       userLocale: 'en_US',
2019-08-12 19:39 +05:30:       userLang: 'English (EN)',
2019-08-12 19:39 +05:30:       userCountryCode: null,
2019-08-12 19:39 +05:30:       userOfficePhone: null,
2019-08-12 19:39 +05:30:       userOfficialPostalCOde: null
2019-08-12 19:39 +05:30:     }[39m
